<?xml version="1.0" encoding="UTF-8"?>
<!-- Generated by org.testng.reporters.JUnitReportReporter -->
<testsuite skipped="0" hostname="LDCHLAP-PRADEEP" name="selenium.NewTest" tests="1" failures="0" timestamp="2021-07-10T10:38:07 IST" time="5.585" errors="0">
  <testcase name="f" time="5.585" classname="selenium.NewTest"/>
  <system-out/>
</testsuite> <!-- selenium.NewTest -->
